<?xml version="1.0" encoding="utf-8"?><testsuites name="pytest tests"><testsuite name="pytest" errors="0" failures="0" skipped="0" tests="20" time="3.431" timestamp="2026-06-17T21:44:47.596455-03:00" hostname="AgustinPC"><testcase classname="tests.integration.test_pi_01_consulta_contenido_educativo_disponible" name="test_pi_01_consulta_contenido_educativo_disponible" time="2.666" /><testcase classname="tests.integration.test_pi_02_no_persistencia_practica_invitado" name="test_pi_02_no_persistencia_practica_invitado" time="0.048" /><testcase classname="tests.integration.test_pi_03_registro_intento_practica_camara" name="test_pi_03_registro_intento_practica_camara" time="0.048" /><testcase classname="tests.integration.test_pi_04_registro_palabra_deletreada_exitosamente" name="test_pi_04_registro_palabra_deletreada_exitosamente" time="0.046" /><testcase classname="tests.integration.test_pi_05_registro_intentos_consulta_progreso_letra" name="test_pi_05_registro_intentos_consulta_progreso_letra" time="0.053" /><testcase classname="tests.integration.test_pi_06_actualizacion_panel_usuario" name="test_pi_06_actualizacion_panel_usuario" time="0.056" /><testcase classname="tests.integration.test_pi_07_registro_ronda_actualizacion_estadisticas" name="test_pi_07_registro_ronda_actualizacion_estadisticas" time="0.048" /><testcase classname="tests.integration.test_pi_08_control_duplicacion_sincronizaciones_repetidas" name="test_pi_08_control_duplicacion_sincronizaciones_repetidas" time="0.055" /><testcase classname="tests.integration.test_pi_09_objetivo_mediante_ronda_minijuego" name="test_pi_09_objetivo_mediante_ronda_minijuego" time="0.058" /><testcase classname="tests.integration.test_pi_10_consulta_logros" name="test_pi_10_consulta_logros" time="0.109" /><testcase classname="tests.integration.test_pi_11_equipamiento_marco_titulo" name="test_pi_11_equipamiento_marco_titulo" time="0.051" /><testcase classname="tests.unit.test_pu_01_validacion_datos_usuario_registrado" name="test_pu_01_validacion_datos_usuario_registrado" time="0.001" /><testcase classname="tests.unit.test_pu_03_resumen_inicial_sin_actividad" name="test_pu_03_resumen_inicial_sin_actividad" time="0.001" /><testcase classname="tests.unit.test_pu_04_calculo_estadisticas_practica_por_letra" name="test_pu_04_calculo_estadisticas_practica_por_letra" time="0.001" /><testcase classname="tests.unit.test_pu_05_agrupacion_progreso_por_letra" name="test_pu_05_agrupacion_progreso_por_letra" time="0.001" /><testcase classname="tests.unit.test_pu_06_validacion_ronda_cantidad_invalida" name="test_pu_06_validacion_ronda_cantidad_invalida" time="0.001" /><testcase classname="tests.unit.test_pu_07_calculo_experiencia_ronda_minijuego" name="test_pu_07_calculo_experiencia_ronda_minijuego" time="0.001" /><testcase classname="tests.unit.test_pu_08_calculo_nivel_experiencia" name="test_pu_08_calculo_nivel_experiencia" time="0.001" /><testcase classname="tests.unit.test_pu_09_actualizacion_racha_diaria" name="test_pu_09_actualizacion_racha_diaria" time="0.001" /><testcase classname="tests.unit.test_pu_10_prevencion_recompensa_duplicada_objetivo" name="test_pu_10_prevencion_recompensa_duplicada_objetivo" time="0.001" /></testsuite></testsuites>